2014-10-19 20:08:55,063 ERROR [org.apache.commons.digester.Digester.endElement(Digester.java:1334)] - End event threw exception
java.lang.reflect.InvocationTargetException
	at sun.reflect.NativeMethodAccessorImpl.invoke0(Native Method) ~[?:1.8.0_25]
	at sun.reflect.NativeMethodAccessorImpl.invoke(NativeMethodAccessorImpl.java:62) ~[?:1.8.0_25]
	at sun.reflect.DelegatingMethodAccessorImpl.invoke(DelegatingMethodAccessorImpl.java:43) ~[?:1.8.0_25]
	at java.lang.reflect.Method.invoke(Method.java:483) ~[?:1.8.0_25]
	at org.apache.commons.beanutils.MethodUtils.invokeMethod(MethodUtils.java:281) ~[commons-beanutils-1.8.0.jar:1.8.0]
	at org.apache.commons.digester.SetNextRule.end(SetNextRule.java:217) ~[commons-digester-2.0.jar:2.0]
	at org.apache.commons.digester.Rule.end(Rule.java:253) ~[commons-digester-2.0.jar:2.0]
	at org.apache.commons.digester.Digester.endElement(Digester.java:1332) [commons-digester-2.0.jar:2.0]
	at com.sun.org.apache.xerces.internal.parsers.AbstractSAXParser.endElement(AbstractSAXParser.java:609) [?:1.8.0_25]
	at com.sun.org.apache.xerces.internal.impl.dtd.XMLNSDTDValidator.endNamespaceScope(XMLNSDTDValidator.java:266) [?:1.8.0_25]
	at com.sun.org.apache.xerces.internal.impl.dtd.XMLDTDValidator.handleEndElement(XMLDTDValidator.java:2005) [?:1.8.0_25]
	at com.sun.org.apache.xerces.internal.impl.dtd.XMLDTDValidator.endElement(XMLDTDValidator.java:879) [?:1.8.0_25]
	at com.sun.org.apache.xerces.internal.impl.XMLDocumentFragmentScannerImpl.scanEndElement(XMLDocumentFragmentScannerImpl.java:1782) [?:1.8.0_25]
	at com.sun.org.apache.xerces.internal.impl.XMLDocumentFragmentScannerImpl$FragmentContentDriver.next(XMLDocumentFragmentScannerImpl.java:2973) [?:1.8.0_25]
	at com.sun.org.apache.xerces.internal.impl.XMLDocumentScannerImpl.next(XMLDocumentScannerImpl.java:606) [?:1.8.0_25]
	at com.sun.org.apache.xerces.internal.impl.XMLNSDocumentScannerImpl.next(XMLNSDocumentScannerImpl.java:117) [?:1.8.0_25]
	at com.sun.org.apache.xerces.internal.impl.XMLDocumentFragmentScannerImpl.scanDocument(XMLDocumentFragmentScannerImpl.java:510) [?:1.8.0_25]
	at com.sun.org.apache.xerces.internal.parsers.XML11Configuration.parse(XML11Configuration.java:848) [?:1.8.0_25]
	at com.sun.org.apache.xerces.internal.parsers.XML11Configuration.parse(XML11Configuration.java:777) [?:1.8.0_25]
	at com.sun.org.apache.xerces.internal.parsers.XMLParser.parse(XMLParser.java:141) [?:1.8.0_25]
	at com.sun.org.apache.xerces.internal.parsers.AbstractSAXParser.parse(AbstractSAXParser.java:1213) [?:1.8.0_25]
	at com.sun.org.apache.xerces.internal.jaxp.SAXParserImpl$JAXPSAXParser.parse(SAXParserImpl.java:649) [?:1.8.0_25]
	at org.apache.commons.digester.Digester.parse(Digester.java:1887) [commons-digester-2.0.jar:2.0]
	at org.apache.tiles.definition.digester.DigesterDefinitionsReader.read(DigesterDefinitionsReader.java:325) [tiles-core-3.0.5.jar:3.0.5]
	at org.apache.tiles.definition.dao.BaseLocaleUrlDefinitionDAO.loadDefinitionsFromResource(BaseLocaleUrlDefinitionDAO.java:150) [tiles-core-3.0.5.jar:3.0.5]
	at org.apache.tiles.definition.dao.CachingLocaleUrlDefinitionDAO.loadRawDefinitionsFromResources(CachingLocaleUrlDefinitionDAO.java:234) [tiles-core-3.0.5.jar:3.0.5]
	at org.apache.tiles.definition.dao.CachingLocaleUrlDefinitionDAO.loadRawDefinitionsFromResources(CachingLocaleUrlDefinitionDAO.java:225) [tiles-core-3.0.5.jar:3.0.5]
	at org.apache.tiles.definition.dao.CachingLocaleUrlDefinitionDAO.loadRawDefinitionsFromResources(CachingLocaleUrlDefinitionDAO.java:225) [tiles-core-3.0.5.jar:3.0.5]
	at org.apache.tiles.definition.dao.CachingLocaleUrlDefinitionDAO.loadDefinitionsFromResources(CachingLocaleUrlDefinitionDAO.java:203) [tiles-core-3.0.5.jar:3.0.5]
	at org.apache.tiles.definition.dao.CachingLocaleUrlDefinitionDAO.loadDefinitions(CachingLocaleUrlDefinitionDAO.java:192) [tiles-core-3.0.5.jar:3.0.5]
	at org.apache.tiles.definition.dao.ResolvingLocaleUrlDefinitionDAO.loadDefinitions(ResolvingLocaleUrlDefinitionDAO.java:68) [tiles-core-3.0.5.jar:3.0.5]
	at org.apache.tiles.definition.dao.CachingLocaleUrlDefinitionDAO.checkAndloadDefinitions(CachingLocaleUrlDefinitionDAO.java:174) [tiles-core-3.0.5.jar:3.0.5]
	at org.apache.tiles.definition.dao.CachingLocaleUrlDefinitionDAO.getDefinitions(CachingLocaleUrlDefinitionDAO.java:131) [tiles-core-3.0.5.jar:3.0.5]
	at org.apache.tiles.definition.dao.CachingLocaleUrlDefinitionDAO.getDefinition(CachingLocaleUrlDefinitionDAO.java:105) [tiles-core-3.0.5.jar:3.0.5]
	at org.apache.tiles.definition.dao.CachingLocaleUrlDefinitionDAO.getDefinition(CachingLocaleUrlDefinitionDAO.java:49) [tiles-core-3.0.5.jar:3.0.5]
	at org.apache.tiles.definition.UnresolvingLocaleDefinitionsFactory.getDefinition(UnresolvingLocaleDefinitionsFactory.java:89) [tiles-core-3.0.5.jar:3.0.5]
	at org.apache.tiles.impl.BasicTilesContainer.getDefinition(BasicTilesContainer.java:286) [tiles-core-3.0.5.jar:3.0.5]
	at org.apache.tiles.impl.BasicTilesContainer.render(BasicTilesContainer.java:215) [tiles-core-3.0.5.jar:3.0.5]
	at org.apache.tiles.template.InsertDefinitionModel.renderDefinition(InsertDefinitionModel.java:132) [tiles-template-3.0.5.jar:3.0.5]
	at org.apache.tiles.template.InsertDefinitionModel.execute(InsertDefinitionModel.java:99) [tiles-template-3.0.5.jar:3.0.5]
	at org.apache.tiles.jsp.taglib.InsertDefinitionTag.doTag(InsertDefinitionTag.java:254) [tiles-jsp-3.0.5.jar:3.0.5]
	at org.apache.jsp.WEB_002dINF.views.home_jsp._jspx_meth_tiles_005finsertDefinition_005f0(home_jsp.java:109) [entity/:?]
	at org.apache.jsp.WEB_002dINF.views.home_jsp._jspService(home_jsp.java:66) [entity/:?]
	at org.apache.jasper.runtime.HttpJspBase.service(HttpJspBase.java:70) [jasper-6.0.29.jar:6.0.29]
	at javax.servlet.http.HttpServlet.service(HttpServlet.java:717) [servlet-api-6.0.29.jar:?]
	at org.apache.jasper.servlet.JspServletWrapper.service(JspServletWrapper.java:377) [jasper-6.0.29.jar:6.0.29]
	at org.apache.jasper.servlet.JspServlet.serviceJspFile(JspServlet.java:313) [jasper-6.0.29.jar:6.0.29]
	at org.apache.jasper.servlet.JspServlet.service(JspServlet.java:260) [jasper-6.0.29.jar:6.0.29]
	at javax.servlet.http.HttpServlet.service(HttpServlet.java:717) [servlet-api-6.0.29.jar:?]
	at org.apache.catalina.core.ApplicationFilterChain.internalDoFilter(ApplicationFilterChain.java:290) [catalina-6.0.29.jar:6.0.29]
	at org.apache.catalina.core.ApplicationFilterChain.doFilter(ApplicationFilterChain.java:206) [catalina-6.0.29.jar:6.0.29]
	at org.apache.catalina.core.ApplicationDispatcher.invoke(ApplicationDispatcher.java:646) [catalina-6.0.29.jar:6.0.29]
	at org.apache.catalina.core.ApplicationDispatcher.processRequest(ApplicationDispatcher.java:436) [catalina-6.0.29.jar:6.0.29]
	at org.apache.catalina.core.ApplicationDispatcher.doForward(ApplicationDispatcher.java:374) [catalina-6.0.29.jar:6.0.29]
	at org.apache.catalina.core.ApplicationDispatcher.forward(ApplicationDispatcher.java:302) [catalina-6.0.29.jar:6.0.29]
	at org.springframework.web.servlet.view.InternalResourceView.renderMergedOutputModel(InternalResourceView.java:209) [spring-webmvc-4.0.2.RELEASE.jar:4.0.2.RELEASE]
	at org.springframework.web.servlet.view.AbstractView.render(AbstractView.java:267) [spring-webmvc-4.0.2.RELEASE.jar:4.0.2.RELEASE]
	at org.springframework.web.servlet.DispatcherServlet.render(DispatcherServlet.java:1225) [spring-webmvc-4.0.2.RELEASE.jar:4.0.2.RELEASE]
	at org.springframework.web.servlet.DispatcherServlet.processDispatchResult(DispatcherServlet.java:1012) [spring-webmvc-4.0.2.RELEASE.jar:4.0.2.RELEASE]
	at org.springframework.web.servlet.DispatcherServlet.doDispatch(DispatcherServlet.java:959) [spring-webmvc-4.0.2.RELEASE.jar:4.0.2.RELEASE]
	at org.springframework.web.servlet.DispatcherServlet.doService(DispatcherServlet.java:876) [spring-webmvc-4.0.2.RELEASE.jar:4.0.2.RELEASE]
	at org.springframework.web.servlet.FrameworkServlet.processRequest(FrameworkServlet.java:961) [spring-webmvc-4.0.2.RELEASE.jar:4.0.2.RELEASE]
	at org.springframework.web.servlet.FrameworkServlet.doGet(FrameworkServlet.java:852) [spring-webmvc-4.0.2.RELEASE.jar:4.0.2.RELEASE]
	at javax.servlet.http.HttpServlet.service(HttpServlet.java:617) [servlet-api-6.0.29.jar:?]
	at org.springframework.web.servlet.FrameworkServlet.service(FrameworkServlet.java:837) [spring-webmvc-4.0.2.RELEASE.jar:4.0.2.RELEASE]
	at javax.servlet.http.HttpServlet.service(HttpServlet.java:717) [servlet-api-6.0.29.jar:?]
	at org.apache.catalina.core.ApplicationFilterChain.internalDoFilter(ApplicationFilterChain.java:290) [catalina-6.0.29.jar:6.0.29]
	at org.apache.catalina.core.ApplicationFilterChain.doFilter(ApplicationFilterChain.java:206) [catalina-6.0.29.jar:6.0.29]
	at org.apache.catalina.core.StandardWrapperValve.invoke(StandardWrapperValve.java:233) [catalina-6.0.29.jar:6.0.29]
	at org.apache.catalina.core.StandardContextValve.invoke(StandardContextValve.java:191) [catalina-6.0.29.jar:6.0.29]
	at org.apache.catalina.core.StandardHostValve.invoke(StandardHostValve.java:127) [catalina-6.0.29.jar:6.0.29]
	at org.apache.catalina.valves.ErrorReportValve.invoke(ErrorReportValve.java:102) [catalina-6.0.29.jar:6.0.29]
	at org.apache.catalina.core.StandardEngineValve.invoke(StandardEngineValve.java:109) [catalina-6.0.29.jar:6.0.29]
	at org.apache.catalina.connector.CoyoteAdapter.service(CoyoteAdapter.java:298) [catalina-6.0.29.jar:6.0.29]
	at org.apache.coyote.http11.Http11Processor.process(Http11Processor.java:857) [coyote-6.0.29.jar:6.0.29]
	at org.apache.coyote.http11.Http11Protocol$Http11ConnectionHandler.process(Http11Protocol.java:588) [coyote-6.0.29.jar:6.0.29]
	at org.apache.tomcat.util.net.JIoEndpoint$Worker.run(JIoEndpoint.java:489) [coyote-6.0.29.jar:6.0.29]
	at java.lang.Thread.run(Thread.java:745) [?:1.8.0_25]
Caused by: org.apache.tiles.definition.digester.DigesterDefinitionsReaderException: A root definition has been defined with no name
	at org.apache.tiles.definition.digester.DigesterDefinitionsReader.addDefinition(DigesterDefinitionsReader.java:408) ~[tiles-core-3.0.5.jar:3.0.5]
	... 78 more
